Building DAG of jobs...
Your conda installation is not configured to use strict channel priorities. This is however crucial for having robust and correct environments (for details, see https://conda-forge.org/docs/user/tipsandtricks.html). Please consider to configure strict priorities by executing 'conda config --set channel_priority strict'.
Creating conda environment envs/env.yaml...
Downloading and installing remote packages.
CreateCondaEnvironmentException:
Could not create conda environment from /Users/emelbiner/PycharmProjects/miuulm/envs/env.yaml:
Command:
conda env create --quiet --file "/Users/emelbiner/PycharmProjects/miuulm/.snakemake/conda/bac1bc68637eb376a1c8665d4bf7f035_.yaml" --prefix "/Users/emelbiner/PycharmProjects/miuulm/.snakemake/conda/bac1bc68637eb376a1c8665d4bf7f035_"
Output:
Channels:
 - bioconda
 - conda-forge
 - nanoporetech
 - defaults
Platform: osx-arm64
Collecting package metadata (repodata.json): ...working... done
Solving environment: ...working... failed

PackagesNotFoundError: The following packages are not available from current channels:

  - bioconda::orthofinder

Current channels:

  - https://conda.anaconda.org/bioconda/osx-arm64
  - https://conda.anaconda.org/conda-forge/osx-arm64
  - https://conda.anaconda.org/nanoporetech/osx-arm64
  - https://repo.anaconda.com/pkgs/main/osx-arm64
  - https://repo.anaconda.com/pkgs/r/osx-arm64
  - https://conda.anaconda.org/bioconda

To search for alternate channels that may provide the conda package you're
looking for, navigate to

    https://anaconda.org

and use the search bar at the top of the page.



